{"C:\\Users\\tulae\\OneDrive\\Escritorio\\React\\gif-app\\src\\GifApp.tsx": {"path":"C:\\Users\\tulae\\OneDrive\\Escritorio\\React\\gif-app\\src\\GifApp.tsx","all":false,"statementMap":{"0":{"start":{"line":1,"column":0},"end":{"line":1,"column":64}},"1":{"start":{"line":2,"column":0},"end":{"line":2,"column":58}},"2":{"start":{"line":3,"column":0},"end":{"line":3,"column":70}},"3":{"start":{"line":4,"column":0},"end":{"line":4,"column":52}},"4":{"start":{"line":5,"column":0},"end":{"line":5,"column":47}},"6":{"start":{"line":7,"column":0},"end":{"line":7,"column":29}},"7":{"start":{"line":8,"column":0},"end":{"line":8,"column":75}},"8":{"start":{"line":9,"column":0},"end":{"line":9,"column":10}},"9":{"start":{"line":10,"column":0},"end":{"line":10,"column":6}},"10":{"start":{"line":11,"column":0},"end":{"line":11,"column":19}},"11":{"start":{"line":12,"column":0},"end":{"line":12,"column":31}},"12":{"start":{"line":13,"column":0},"end":{"line":13,"column":47}},"14":{"start":{"line":15,"column":0},"end":{"line":15,"column":16}},"15":{"start":{"line":16,"column":0},"end":{"line":16,"column":34}},"16":{"start":{"line":17,"column":0},"end":{"line":17,"column":28}},"17":{"start":{"line":18,"column":0},"end":{"line":18,"column":30}},"19":{"start":{"line":20,"column":0},"end":{"line":20,"column":23}},"20":{"start":{"line":21,"column":0},"end":{"line":21,"column":31}},"21":{"start":{"line":22,"column":0},"end":{"line":22,"column":32}},"22":{"start":{"line":23,"column":0},"end":{"line":23,"column":38}},"24":{"start":{"line":25,"column":0},"end":{"line":25,"column":29}},"27":{"start":{"line":28,"column":0},"end":{"line":28,"column":2}}},"s":{"0":1,"1":1,"2":1,"3":1,"4":1,"6":1,"7":1,"8":1,"9":1,"10":1,"11":1,"12":1,"14":1,"15":1,"16":1,"17":1,"19":1,"20":1,"21":1,"22":1,"24":1,"27":1},"branchMap":{"0":{"type":"branch","line":7,"loc":{"start":{"line":7,"column":22},"end":{"line":28,"column":2}},"locations":[{"start":{"line":7,"column":22},"end":{"line":28,"column":2}}]}},"b":{"0":[1]},"fnMap":{"0":{"name":"GifApp","decl":{"start":{"line":7,"column":22},"end":{"line":28,"column":2}},"loc":{"start":{"line":7,"column":22},"end":{"line":28,"column":2}},"line":7}},"f":{"0":1}}
,"C:\\Users\\tulae\\OneDrive\\Escritorio\\React\\gif-app\\src\\main.tsx": {"path":"C:\\Users\\tulae\\OneDrive\\Escritorio\\React\\gif-app\\src\\main.tsx","all":true,"statementMap":{"0":{"start":{"line":1,"column":0},"end":{"line":1,"column":35}},"1":{"start":{"line":2,"column":0},"end":{"line":2,"column":46}},"2":{"start":{"line":3,"column":0},"end":{"line":3,"column":21}},"3":{"start":{"line":4,"column":0},"end":{"line":4,"column":34}},"5":{"start":{"line":6,"column":0},"end":{"line":6,"column":52}},"6":{"start":{"line":7,"column":0},"end":{"line":7,"column":14}},"7":{"start":{"line":8,"column":0},"end":{"line":8,"column":14}}},"s":{"0":0,"1":0,"2":0,"3":0,"5":0,"6":0,"7":0},"branchMap":{"0":{"type":"branch","line":1,"loc":{"start":{"line":1,"column":242},"end":{"line":10,"column":2}},"locations":[{"start":{"line":1,"column":242},"end":{"line":10,"column":2}}]}},"b":{"0":[0]},"fnMap":{"0":{"name":"(empty-report)","decl":{"start":{"line":1,"column":242},"end":{"line":10,"column":2}},"loc":{"start":{"line":1,"column":242},"end":{"line":10,"column":2}},"line":1}},"f":{"0":0}}
,"C:\\Users\\tulae\\OneDrive\\Escritorio\\React\\gif-app\\src\\gifs\\actions\\get-gifs-by-query.ts": {"path":"C:\\Users\\tulae\\OneDrive\\Escritorio\\React\\gif-app\\src\\gifs\\actions\\get-gifs-by-query.ts","all":false,"statementMap":{"2":{"start":{"line":3,"column":0},"end":{"line":3,"column":44}},"4":{"start":{"line":5,"column":0},"end":{"line":5,"column":72}},"5":{"start":{"line":6,"column":0},"end":{"line":6,"column":34}},"6":{"start":{"line":7,"column":0},"end":{"line":7,"column":14}},"7":{"start":{"line":8,"column":0},"end":{"line":8,"column":3}},"8":{"start":{"line":9,"column":0},"end":{"line":9,"column":7}},"9":{"start":{"line":10,"column":0},"end":{"line":10,"column":63}},"10":{"start":{"line":11,"column":0},"end":{"line":11,"column":15}},"11":{"start":{"line":12,"column":0},"end":{"line":12,"column":17}},"12":{"start":{"line":13,"column":0},"end":{"line":13,"column":18}},"13":{"start":{"line":14,"column":0},"end":{"line":14,"column":8}},"14":{"start":{"line":15,"column":0},"end":{"line":15,"column":7}},"16":{"start":{"line":17,"column":0},"end":{"line":17,"column":45}},"17":{"start":{"line":18,"column":0},"end":{"line":18,"column":17}},"18":{"start":{"line":19,"column":0},"end":{"line":19,"column":23}},"19":{"start":{"line":20,"column":0},"end":{"line":20,"column":35}},"20":{"start":{"line":21,"column":0},"end":{"line":21,"column":47}},"21":{"start":{"line":22,"column":0},"end":{"line":22,"column":49}},"22":{"start":{"line":23,"column":0},"end":{"line":23,"column":8}},"23":{"start":{"line":24,"column":0},"end":{"line":24,"column":19}},"24":{"start":{"line":25,"column":0},"end":{"line":25,"column":25}},"25":{"start":{"line":26,"column":0},"end":{"line":26,"column":14}},"26":{"start":{"line":27,"column":0},"end":{"line":27,"column":3}},"27":{"start":{"line":28,"column":0},"end":{"line":28,"column":2}}},"s":{"2":1,"4":1,"5":6,"6":1,"7":1,"8":5,"9":5,"10":5,"11":5,"12":5,"13":5,"14":5,"16":4,"17":40,"18":40,"19":40,"20":40,"21":40,"22":40,"23":4,"24":1,"25":1,"26":1,"27":6},"branchMap":{"0":{"type":"branch","line":5,"loc":{"start":{"line":5,"column":30},"end":{"line":28,"column":2}},"locations":[{"start":{"line":5,"column":30},"end":{"line":28,"column":2}}]},"1":{"type":"branch","line":6,"loc":{"start":{"line":6,"column":33},"end":{"line":8,"column":3}},"locations":[{"start":{"line":6,"column":33},"end":{"line":8,"column":3}}]},"2":{"type":"branch","line":8,"loc":{"start":{"line":8,"column":2},"end":{"line":15,"column":7}},"locations":[{"start":{"line":8,"column":2},"end":{"line":15,"column":7}}]},"3":{"type":"branch","line":15,"loc":{"start":{"line":15,"column":4},"end":{"line":27,"column":3}},"locations":[{"start":{"line":15,"column":4},"end":{"line":27,"column":3}}]},"4":{"type":"branch","line":24,"loc":{"start":{"line":24,"column":4},"end":{"line":27,"column":3}},"locations":[{"start":{"line":24,"column":4},"end":{"line":27,"column":3}}]},"5":{"type":"branch","line":17,"loc":{"start":{"line":17,"column":34},"end":{"line":23,"column":8}},"locations":[{"start":{"line":17,"column":34},"end":{"line":23,"column":8}}]}},"b":{"0":[6],"1":[1],"2":[5],"3":[4],"4":[1],"5":[40]},"fnMap":{"0":{"name":"getGifsByQuery","decl":{"start":{"line":5,"column":30},"end":{"line":28,"column":2}},"loc":{"start":{"line":5,"column":30},"end":{"line":28,"column":2}},"line":5}},"f":{"0":6}}
,"C:\\Users\\tulae\\OneDrive\\Escritorio\\React\\gif-app\\src\\gifs\\api\\giphy.api.ts": {"path":"C:\\Users\\tulae\\OneDrive\\Escritorio\\React\\gif-app\\src\\gifs\\api\\giphy.api.ts","all":false,"statementMap":{"0":{"start":{"line":1,"column":0},"end":{"line":1,"column":26}},"2":{"start":{"line":3,"column":0},"end":{"line":3,"column":38}},"3":{"start":{"line":4,"column":0},"end":{"line":4,"column":43}},"4":{"start":{"line":5,"column":0},"end":{"line":5,"column":11}},"5":{"start":{"line":6,"column":0},"end":{"line":6,"column":15}},"6":{"start":{"line":7,"column":0},"end":{"line":7,"column":49}},"7":{"start":{"line":8,"column":0},"end":{"line":8,"column":4}},"8":{"start":{"line":9,"column":0},"end":{"line":9,"column":3}}},"s":{"0":1,"2":1,"3":1,"4":1,"5":1,"6":1,"7":1,"8":1},"branchMap":{},"b":{},"fnMap":{},"f":{}}
,"C:\\Users\\tulae\\OneDrive\\Escritorio\\React\\gif-app\\src\\gifs\\components\\GifList.tsx": {"path":"C:\\Users\\tulae\\OneDrive\\Escritorio\\React\\gif-app\\src\\gifs\\components\\GifList.tsx","all":false,"statementMap":{"0":{"start":{"line":1,"column":0},"end":{"line":1,"column":55}},"5":{"start":{"line":6,"column":0},"end":{"line":6,"column":52}},"6":{"start":{"line":7,"column":0},"end":{"line":7,"column":10}},"7":{"start":{"line":8,"column":0},"end":{"line":8,"column":36}},"8":{"start":{"line":9,"column":0},"end":{"line":9,"column":26}},"9":{"start":{"line":10,"column":0},"end":{"line":10,"column":47}},"10":{"start":{"line":11,"column":0},"end":{"line":11,"column":47}},"11":{"start":{"line":12,"column":0},"end":{"line":12,"column":30}},"12":{"start":{"line":13,"column":0},"end":{"line":13,"column":13}},"13":{"start":{"line":14,"column":0},"end":{"line":14,"column":43}},"19":{"start":{"line":20,"column":0},"end":{"line":20,"column":2}}},"s":{"0":1,"5":1,"6":1,"7":1,"8":1,"9":1,"10":1,"11":1,"12":1,"13":1,"19":1},"branchMap":{"0":{"type":"branch","line":6,"loc":{"start":{"line":6,"column":23},"end":{"line":20,"column":2}},"locations":[{"start":{"line":6,"column":23},"end":{"line":20,"column":2}}]}},"b":{"0":[1]},"fnMap":{"0":{"name":"GifList","decl":{"start":{"line":6,"column":23},"end":{"line":20,"column":2}},"loc":{"start":{"line":6,"column":23},"end":{"line":20,"column":2}},"line":6}},"f":{"0":1}}
,"C:\\Users\\tulae\\OneDrive\\Escritorio\\React\\gif-app\\src\\gifs\\components\\PreviousSearches.tsx": {"path":"C:\\Users\\tulae\\OneDrive\\Escritorio\\React\\gif-app\\src\\gifs\\components\\PreviousSearches.tsx","all":false,"statementMap":{"6":{"start":{"line":7,"column":0},"end":{"line":7,"column":34}},"7":{"start":{"line":8,"column":0},"end":{"line":8,"column":8}},"8":{"start":{"line":9,"column":0},"end":{"line":9,"column":11}},"9":{"start":{"line":10,"column":0},"end":{"line":10,"column":15}},"10":{"start":{"line":11,"column":0},"end":{"line":11,"column":30}},"11":{"start":{"line":12,"column":0},"end":{"line":12,"column":10}},"12":{"start":{"line":13,"column":0},"end":{"line":13,"column":39}},"13":{"start":{"line":14,"column":0},"end":{"line":14,"column":22}},"14":{"start":{"line":15,"column":0},"end":{"line":15,"column":45}},"15":{"start":{"line":16,"column":0},"end":{"line":16,"column":33}},"16":{"start":{"line":17,"column":0},"end":{"line":17,"column":60}},"17":{"start":{"line":18,"column":0},"end":{"line":18,"column":18}},"23":{"start":{"line":24,"column":0},"end":{"line":24,"column":2}}},"s":{"6":1,"7":1,"8":1,"9":1,"10":1,"11":1,"12":1,"13":1,"14":1,"15":1,"16":1,"17":1,"23":1},"branchMap":{"0":{"type":"branch","line":7,"loc":{"start":{"line":7,"column":32},"end":{"line":24,"column":2}},"locations":[{"start":{"line":7,"column":32},"end":{"line":24,"column":2}}]}},"b":{"0":[1]},"fnMap":{"0":{"name":"PreviousSearches","decl":{"start":{"line":7,"column":32},"end":{"line":24,"column":2}},"loc":{"start":{"line":7,"column":32},"end":{"line":24,"column":2}},"line":7}},"f":{"0":1}}
,"C:\\Users\\tulae\\OneDrive\\Escritorio\\React\\gif-app\\src\\gifs\\hooks\\useGifs.tsx": {"path":"C:\\Users\\tulae\\OneDrive\\Escritorio\\React\\gif-app\\src\\gifs\\hooks\\useGifs.tsx","all":false,"statementMap":{"0":{"start":{"line":1,"column":0},"end":{"line":1,"column":41}},"1":{"start":{"line":2,"column":0},"end":{"line":2,"column":62}},"4":{"start":{"line":5,"column":0},"end":{"line":5,"column":30}},"5":{"start":{"line":6,"column":0},"end":{"line":6,"column":67}},"6":{"start":{"line":7,"column":0},"end":{"line":7,"column":45}},"8":{"start":{"line":9,"column":0},"end":{"line":9,"column":53}},"10":{"start":{"line":11,"column":0},"end":{"line":11,"column":51}},"11":{"start":{"line":12,"column":0},"end":{"line":12,"column":33}},"12":{"start":{"line":13,"column":0},"end":{"line":13,"column":37}},"13":{"start":{"line":14,"column":0},"end":{"line":14,"column":13}},"14":{"start":{"line":15,"column":0},"end":{"line":15,"column":5}},"15":{"start":{"line":16,"column":0},"end":{"line":16,"column":44}},"16":{"start":{"line":17,"column":0},"end":{"line":17,"column":17}},"17":{"start":{"line":18,"column":0},"end":{"line":18,"column":34}},"18":{"start":{"line":19,"column":0},"end":{"line":19,"column":4}},"20":{"start":{"line":21,"column":0},"end":{"line":21,"column":54}},"21":{"start":{"line":22,"column":0},"end":{"line":22,"column":39}},"22":{"start":{"line":23,"column":0},"end":{"line":23,"column":40}},"23":{"start":{"line":24,"column":0},"end":{"line":24,"column":13}},"24":{"start":{"line":25,"column":0},"end":{"line":25,"column":5}},"26":{"start":{"line":27,"column":0},"end":{"line":27,"column":29}},"27":{"start":{"line":28,"column":0},"end":{"line":28,"column":13}},"28":{"start":{"line":29,"column":0},"end":{"line":29,"column":5}},"30":{"start":{"line":31,"column":0},"end":{"line":31,"column":51}},"32":{"start":{"line":33,"column":0},"end":{"line":33,"column":32}},"34":{"start":{"line":35,"column":0},"end":{"line":35,"column":23}},"35":{"start":{"line":36,"column":0},"end":{"line":36,"column":35}},"37":{"start":{"line":38,"column":0},"end":{"line":38,"column":45}},"39":{"start":{"line":40,"column":0},"end":{"line":40,"column":17}},"41":{"start":{"line":42,"column":0},"end":{"line":42,"column":35}},"42":{"start":{"line":43,"column":0},"end":{"line":43,"column":4}},"43":{"start":{"line":44,"column":0},"end":{"line":44,"column":64}},"44":{"start":{"line":45,"column":0},"end":{"line":45,"column":2}}},"s":{"0":1,"1":1,"4":1,"5":19,"6":19,"8":19,"10":19,"11":3,"12":1,"13":1,"14":1,"15":2,"16":2,"17":2,"18":2,"20":19,"21":10,"22":10,"23":0,"24":0,"26":10,"27":0,"28":0,"30":10,"32":10,"34":10,"35":10,"37":10,"39":10,"41":10,"42":10,"43":19,"44":19},"branchMap":{"0":{"type":"branch","line":5,"loc":{"start":{"line":5,"column":23},"end":{"line":45,"column":2}},"locations":[{"start":{"line":5,"column":23},"end":{"line":45,"column":2}}]},"1":{"type":"branch","line":11,"loc":{"start":{"line":11,"column":26},"end":{"line":19,"column":4}},"locations":[{"start":{"line":11,"column":26},"end":{"line":19,"column":4}}]},"2":{"type":"branch","line":12,"loc":{"start":{"line":12,"column":32},"end":{"line":15,"column":5}},"locations":[{"start":{"line":12,"column":32},"end":{"line":15,"column":5}}]},"3":{"type":"branch","line":15,"loc":{"start":{"line":15,"column":4},"end":{"line":19,"column":4}},"locations":[{"start":{"line":15,"column":4},"end":{"line":19,"column":4}}]},"4":{"type":"branch","line":21,"loc":{"start":{"line":21,"column":23},"end":{"line":43,"column":4}},"locations":[{"start":{"line":21,"column":23},"end":{"line":43,"column":4}}]},"5":{"type":"branch","line":23,"loc":{"start":{"line":23,"column":39},"end":{"line":25,"column":5}},"locations":[{"start":{"line":23,"column":39},"end":{"line":25,"column":5}}]},"6":{"type":"branch","line":27,"loc":{"start":{"line":27,"column":28},"end":{"line":29,"column":5}},"locations":[{"start":{"line":27,"column":28},"end":{"line":29,"column":5}}]}},"b":{"0":[19],"1":[3],"2":[1],"3":[2],"4":[10],"5":[0],"6":[0]},"fnMap":{"0":{"name":"useGifs","decl":{"start":{"line":5,"column":23},"end":{"line":45,"column":2}},"loc":{"start":{"line":5,"column":23},"end":{"line":45,"column":2}},"line":5},"1":{"name":"handleTermClick","decl":{"start":{"line":11,"column":26},"end":{"line":19,"column":4}},"loc":{"start":{"line":11,"column":26},"end":{"line":19,"column":4}},"line":11},"2":{"name":"handleSearch","decl":{"start":{"line":21,"column":23},"end":{"line":43,"column":4}},"loc":{"start":{"line":21,"column":23},"end":{"line":43,"column":4}},"line":21}},"f":{"0":19,"1":3,"2":10}}
,"C:\\Users\\tulae\\OneDrive\\Escritorio\\React\\gif-app\\src\\gifs\\interfaces\\gif.interface.ts": {"path":"C:\\Users\\tulae\\OneDrive\\Escritorio\\React\\gif-app\\src\\gifs\\interfaces\\gif.interface.ts","all":true,"statementMap":{},"s":{},"branchMap":{"0":{"type":"branch","line":1,"loc":{"start":{"line":1,"column":111},"end":{"line":7,"column":1}},"locations":[{"start":{"line":1,"column":111},"end":{"line":7,"column":1}}]}},"b":{"0":[1]},"fnMap":{"0":{"name":"(empty-report)","decl":{"start":{"line":1,"column":111},"end":{"line":7,"column":1}},"loc":{"start":{"line":1,"column":111},"end":{"line":7,"column":1}},"line":1}},"f":{"0":1}}
,"C:\\Users\\tulae\\OneDrive\\Escritorio\\React\\gif-app\\src\\gifs\\interfaces\\gify.response.ts": {"path":"C:\\Users\\tulae\\OneDrive\\Escritorio\\React\\gif-app\\src\\gifs\\interfaces\\gify.response.ts","all":true,"statementMap":{},"s":{},"branchMap":{"0":{"type":"branch","line":1,"loc":{"start":{"line":1,"column":2859},"end":{"line":134,"column":1}},"locations":[{"start":{"line":1,"column":2859},"end":{"line":134,"column":1}}]}},"b":{"0":[1]},"fnMap":{"0":{"name":"(empty-report)","decl":{"start":{"line":1,"column":2859},"end":{"line":134,"column":1}},"loc":{"start":{"line":1,"column":2859},"end":{"line":134,"column":1}},"line":1}},"f":{"0":1}}
,"C:\\Users\\tulae\\OneDrive\\Escritorio\\React\\gif-app\\src\\mock-data\\gifs.mock.ts": {"path":"C:\\Users\\tulae\\OneDrive\\Escritorio\\React\\gif-app\\src\\mock-data\\gifs.mock.ts","all":true,"statementMap":{"2":{"start":{"line":3,"column":0},"end":{"line":3,"column":32}},"3":{"start":{"line":4,"column":0},"end":{"line":4,"column":3}},"4":{"start":{"line":5,"column":0},"end":{"line":5,"column":12}},"5":{"start":{"line":6,"column":0},"end":{"line":6,"column":29}},"6":{"start":{"line":7,"column":0},"end":{"line":7,"column":185}},"7":{"start":{"line":8,"column":0},"end":{"line":8,"column":15}},"8":{"start":{"line":9,"column":0},"end":{"line":9,"column":16}},"9":{"start":{"line":10,"column":0},"end":{"line":10,"column":4}},"10":{"start":{"line":11,"column":0},"end":{"line":11,"column":3}},"11":{"start":{"line":12,"column":0},"end":{"line":12,"column":12}},"12":{"start":{"line":13,"column":0},"end":{"line":13,"column":23}},"13":{"start":{"line":14,"column":0},"end":{"line":14,"column":70}},"14":{"start":{"line":15,"column":0},"end":{"line":15,"column":15}},"15":{"start":{"line":16,"column":0},"end":{"line":16,"column":16}},"16":{"start":{"line":17,"column":0},"end":{"line":17,"column":4}},"17":{"start":{"line":18,"column":0},"end":{"line":18,"column":3}},"18":{"start":{"line":19,"column":0},"end":{"line":19,"column":12}},"19":{"start":{"line":20,"column":0},"end":{"line":20,"column":25}},"20":{"start":{"line":21,"column":0},"end":{"line":21,"column":185}},"21":{"start":{"line":22,"column":0},"end":{"line":22,"column":15}},"22":{"start":{"line":23,"column":0},"end":{"line":23,"column":16}},"23":{"start":{"line":24,"column":0},"end":{"line":24,"column":4}},"24":{"start":{"line":25,"column":0},"end":{"line":25,"column":3}},"25":{"start":{"line":26,"column":0},"end":{"line":26,"column":12}},"26":{"start":{"line":27,"column":0},"end":{"line":27,"column":23}},"27":{"start":{"line":28,"column":0},"end":{"line":28,"column":70}},"28":{"start":{"line":29,"column":0},"end":{"line":29,"column":15}},"29":{"start":{"line":30,"column":0},"end":{"line":30,"column":16}},"30":{"start":{"line":31,"column":0},"end":{"line":31,"column":4}},"31":{"start":{"line":32,"column":0},"end":{"line":32,"column":3}},"32":{"start":{"line":33,"column":0},"end":{"line":33,"column":12}},"33":{"start":{"line":34,"column":0},"end":{"line":34,"column":30}},"34":{"start":{"line":35,"column":0},"end":{"line":35,"column":185}},"35":{"start":{"line":36,"column":0},"end":{"line":36,"column":15}},"36":{"start":{"line":37,"column":0},"end":{"line":37,"column":16}},"37":{"start":{"line":38,"column":0},"end":{"line":38,"column":4}},"38":{"start":{"line":39,"column":0},"end":{"line":39,"column":3}},"39":{"start":{"line":40,"column":0},"end":{"line":40,"column":12}},"40":{"start":{"line":41,"column":0},"end":{"line":41,"column":31}},"41":{"start":{"line":42,"column":0},"end":{"line":42,"column":185}},"42":{"start":{"line":43,"column":0},"end":{"line":43,"column":15}},"43":{"start":{"line":44,"column":0},"end":{"line":44,"column":16}},"44":{"start":{"line":45,"column":0},"end":{"line":45,"column":4}},"45":{"start":{"line":46,"column":0},"end":{"line":46,"column":2}}},"s":{"2":0,"3":0,"4":0,"5":0,"6":0,"7":0,"8":0,"9":0,"10":0,"11":0,"12":0,"13":0,"14":0,"15":0,"16":0,"17":0,"18":0,"19":0,"20":0,"21":0,"22":0,"23":0,"24":0,"25":0,"26":0,"27":0,"28":0,"29":0,"30":0,"31":0,"32":0,"33":0,"34":0,"35":0,"36":0,"37":0,"38":0,"39":0,"40":0,"41":0,"42":0,"43":0,"44":0,"45":0},"branchMap":{"0":{"type":"branch","line":1,"loc":{"start":{"line":1,"column":1525},"end":{"line":46,"column":2}},"locations":[{"start":{"line":1,"column":1525},"end":{"line":46,"column":2}}]}},"b":{"0":[1]},"fnMap":{"0":{"name":"(empty-report)","decl":{"start":{"line":1,"column":1525},"end":{"line":46,"column":2}},"loc":{"start":{"line":1,"column":1525},"end":{"line":46,"column":2}},"line":1}},"f":{"0":1}}
,"C:\\Users\\tulae\\OneDrive\\Escritorio\\React\\gif-app\\src\\shared\\components\\CustomHeader.tsx": {"path":"C:\\Users\\tulae\\OneDrive\\Escritorio\\React\\gif-app\\src\\shared\\components\\CustomHeader.tsx","all":false,"statementMap":{"4":{"start":{"line":5,"column":0},"end":{"line":5,"column":76}},"5":{"start":{"line":6,"column":0},"end":{"line":6,"column":10}},"6":{"start":{"line":7,"column":0},"end":{"line":7,"column":39}},"7":{"start":{"line":8,"column":0},"end":{"line":8,"column":22}},"8":{"start":{"line":9,"column":0},"end":{"line":9,"column":43}},"11":{"start":{"line":12,"column":0},"end":{"line":12,"column":2}}},"s":{"4":1,"5":4,"6":4,"7":4,"8":4,"11":4},"branchMap":{"0":{"type":"branch","line":5,"loc":{"start":{"line":5,"column":28},"end":{"line":12,"column":2}},"locations":[{"start":{"line":5,"column":28},"end":{"line":12,"column":2}}]}},"b":{"0":[4]},"fnMap":{"0":{"name":"CustomHeader","decl":{"start":{"line":5,"column":28},"end":{"line":12,"column":2}},"loc":{"start":{"line":5,"column":28},"end":{"line":12,"column":2}},"line":5}},"f":{"0":4}}
,"C:\\Users\\tulae\\OneDrive\\Escritorio\\React\\gif-app\\src\\shared\\components\\SearchBar.tsx": {"path":"C:\\Users\\tulae\\OneDrive\\Escritorio\\React\\gif-app\\src\\shared\\components\\SearchBar.tsx","all":false,"statementMap":{"0":{"start":{"line":1,"column":0},"end":{"line":1,"column":51}},"8":{"start":{"line":9,"column":0},"end":{"line":9,"column":27}},"9":{"start":{"line":10,"column":0},"end":{"line":10,"column":25}},"10":{"start":{"line":11,"column":0},"end":{"line":11,"column":14}},"11":{"start":{"line":12,"column":0},"end":{"line":12,"column":10}},"12":{"start":{"line":13,"column":0},"end":{"line":13,"column":23}},"13":{"start":{"line":14,"column":0},"end":{"line":14,"column":41}},"15":{"start":{"line":16,"column":0},"end":{"line":16,"column":19}},"16":{"start":{"line":17,"column":0},"end":{"line":17,"column":40}},"17":{"start":{"line":18,"column":0},"end":{"line":18,"column":21}},"18":{"start":{"line":19,"column":0},"end":{"line":19,"column":12}},"20":{"start":{"line":21,"column":0},"end":{"line":21,"column":18}},"21":{"start":{"line":22,"column":0},"end":{"line":22,"column":30}},"22":{"start":{"line":23,"column":0},"end":{"line":23,"column":6}},"23":{"start":{"line":24,"column":0},"end":{"line":24,"column":23}},"25":{"start":{"line":26,"column":0},"end":{"line":26,"column":77}},"26":{"start":{"line":27,"column":0},"end":{"line":27,"column":33}},"27":{"start":{"line":28,"column":0},"end":{"line":28,"column":4}},"29":{"start":{"line":30,"column":0},"end":{"line":30,"column":73}},"30":{"start":{"line":31,"column":0},"end":{"line":31,"column":32}},"31":{"start":{"line":32,"column":0},"end":{"line":32,"column":21}},"32":{"start":{"line":33,"column":0},"end":{"line":33,"column":5}},"33":{"start":{"line":34,"column":0},"end":{"line":34,"column":4}},"35":{"start":{"line":36,"column":0},"end":{"line":36,"column":30}},"36":{"start":{"line":37,"column":0},"end":{"line":37,"column":19}},"37":{"start":{"line":38,"column":0},"end":{"line":38,"column":17}},"38":{"start":{"line":39,"column":0},"end":{"line":39,"column":4}},"40":{"start":{"line":41,"column":0},"end":{"line":41,"column":10}},"41":{"start":{"line":42,"column":0},"end":{"line":42,"column":38}},"42":{"start":{"line":43,"column":0},"end":{"line":43,"column":12}},"43":{"start":{"line":44,"column":0},"end":{"line":44,"column":19}},"44":{"start":{"line":45,"column":0},"end":{"line":45,"column":33}},"45":{"start":{"line":46,"column":0},"end":{"line":46,"column":21}},"46":{"start":{"line":47,"column":0},"end":{"line":47,"column":36}},"47":{"start":{"line":48,"column":0},"end":{"line":48,"column":31}},"49":{"start":{"line":50,"column":0},"end":{"line":50,"column":59}},"52":{"start":{"line":53,"column":0},"end":{"line":53,"column":2}}},"s":{"0":1,"8":1,"9":10,"10":10,"11":10,"12":10,"13":10,"15":10,"16":10,"17":2,"18":10,"20":10,"21":10,"22":10,"23":10,"25":10,"26":3,"27":3,"29":10,"30":0,"31":0,"32":0,"33":0,"35":10,"36":1,"37":1,"38":1,"40":10,"41":10,"42":10,"43":10,"44":10,"45":10,"46":10,"47":10,"49":10,"52":10},"branchMap":{"0":{"type":"branch","line":9,"loc":{"start":{"line":9,"column":25},"end":{"line":53,"column":2}},"locations":[{"start":{"line":9,"column":25},"end":{"line":53,"column":2}}]},"1":{"type":"branch","line":16,"loc":{"start":{"line":16,"column":12},"end":{"line":24,"column":5}},"locations":[{"start":{"line":16,"column":12},"end":{"line":24,"column":5}}]},"2":{"type":"branch","line":17,"loc":{"start":{"line":17,"column":33},"end":{"line":19,"column":7}},"locations":[{"start":{"line":17,"column":33},"end":{"line":19,"column":7}}]},"3":{"type":"branch","line":21,"loc":{"start":{"line":21,"column":11},"end":{"line":23,"column":6}},"locations":[{"start":{"line":21,"column":11},"end":{"line":23,"column":6}}]},"4":{"type":"branch","line":26,"loc":{"start":{"line":26,"column":28},"end":{"line":28,"column":4}},"locations":[{"start":{"line":26,"column":28},"end":{"line":28,"column":4}}]},"5":{"type":"branch","line":36,"loc":{"start":{"line":36,"column":23},"end":{"line":39,"column":4}},"locations":[{"start":{"line":36,"column":23},"end":{"line":39,"column":4}}]}},"b":{"0":[10],"1":[10],"2":[2],"3":[10],"4":[3],"5":[1]},"fnMap":{"0":{"name":"SearchBar","decl":{"start":{"line":9,"column":25},"end":{"line":53,"column":2}},"loc":{"start":{"line":9,"column":25},"end":{"line":53,"column":2}},"line":9},"1":{"name":"handleInputChange","decl":{"start":{"line":26,"column":28},"end":{"line":28,"column":4}},"loc":{"start":{"line":26,"column":28},"end":{"line":28,"column":4}},"line":26},"2":{"name":"handleEnter","decl":{"start":{"line":30,"column":22},"end":{"line":34,"column":4}},"loc":{"start":{"line":30,"column":22},"end":{"line":34,"column":4}},"line":30},"3":{"name":"handleSearch","decl":{"start":{"line":36,"column":23},"end":{"line":39,"column":4}},"loc":{"start":{"line":36,"column":23},"end":{"line":39,"column":4}},"line":36}},"f":{"0":10,"1":3,"2":0,"3":1}}
}
